Reading package lists...
Building dependency tree...
Reading state information...
ipmitool is already the newest version.
0 upgraded, 0 newly installed, 0 to remove and 80 not upgraded.
===========ipmitool install success============
Reading package lists...
Building dependency tree...
Reading state information...
ipmitool is already the newest version.
0 upgraded, 0 newly installed, 0 to remove and 80 not upgraded.
===========ipmitool install success============
Reading package lists...
Building dependency tree...
Reading state information...
ipmitool is already the newest version.
0 upgraded, 0 newly installed, 0 to remove and 80 not upgraded.
===========ipmitool install success============
Reading package lists...
Building dependency tree...
Reading state information...
ipmitool is already the newest version.
0 upgraded, 0 newly installed, 0 to remove and 80 not upgraded.
===========ipmitool install success============
Reading package lists...
Building dependency tree...
Reading state information...
ipmitool is already the newest version.
0 upgraded, 0 newly installed, 0 to remove and 80 not upgraded.
===========ipmitool install success============
Reading package lists...
Building dependency tree...
Reading state information...
ipmitool is already the newest version.
0 upgraded, 0 newly installed, 0 to remove and 80 not upgraded.
===========ipmitool install success============
Reading package lists...
Building dependency tree...
Reading state information...
ipmitool is already the newest version.
0 upgraded, 0 newly installed, 0 to remove and 80 not upgraded.
===========ipmitool install success============
Reading package lists...
Building dependency tree...
Reading state information...
ipmitool is already the newest version.
0 upgraded, 0 newly installed, 0 to remove and 80 not upgraded.
===========ipmitool install success============
Reading package lists...
Building dependency tree...
Reading state information...
ipmitool is already the newest version.
0 upgraded, 0 newly installed, 0 to remove and 80 not upgraded.
===========ipmitool install success============
Reading package lists...
Building dependency tree...
Reading state information...
ipmitool is already the newest version.
0 upgraded, 0 newly installed, 0 to remove and 80 not upgraded.
===========ipmitool install success============
Reading package lists...
Building dependency tree...
Reading state information...
ipmitool is already the newest version.
0 upgraded, 0 newly installed, 0 to remove and 80 not upgraded.
===========ipmitool install success============
==========Mon Jan 15 15:52:26 CST 2018 HASS install script start=============
Reading package lists...
Building dependency tree...
Reading state information...
ipmitool is already the newest version.
0 upgraded, 0 newly installed, 0 to remove and 80 not upgraded.
===========ipmitool install success============
HASSd stop/waiting
HASSd start/running, process 30877
============Mon Jan 15 15:52:28 CST 2018 HASS install script end==================
==========Mon Jan 15 15:52:38 CST 2018 HASS install script start=============
Reading package lists...
Building dependency tree...
Reading state information...
ipmitool is already the newest version.
0 upgraded, 0 newly installed, 0 to remove and 80 not upgraded.
===========ipmitool install success============
HASSd stop/waiting
HASSd start/running, process 31647
============Mon Jan 15 15:52:40 CST 2018 HASS install script end==================
==========Mon Jan 15 15:53:02 CST 2018 HASS install script start=============
Reading package lists...
Building dependency tree...
Reading state information...
ipmitool is already the newest version.
0 upgraded, 0 newly installed, 0 to remove and 80 not upgraded.
===========ipmitool install success============
HASSd stop/waiting
HASSd start/running, process 661
============Mon Jan 15 15:53:04 CST 2018 HASS install script end==================
